<?xml version="1.0" encoding="UTF-8"?>
<testsuite name="RectangleTest" tests="1" skipped="0" failures="0" errors="0" timestamp="2021-05-18T16:05:18" hostname="DESKTOP-8LKGOH6" time="0.035">
  <properties/>
  <testcase name="shouldReturnArea8WhenLengthIs2AndBreadthIs4()" classname="RectangleTest" time="0.035"/>
  <system-out><![CDATA[]]></system-out>
  <system-err><![CDATA[]]></system-err>
</testsuite>
